14788 : 2022-09-14 23:11:30,249 : INFO : telemetry.main : Attempt start. Configuration directory [C:\Users\Hp\.azure].
14788 : 2022-09-14 23:11:30,249 : INFO : telemetry.check : Positive: The C:\Users\Hp\.azure\telemetry.txt does not exist.
14788 : 2022-09-14 23:11:30,249 : DEBUG : telemetry.note : acquiring lock
14788 : 2022-09-14 23:11:30,249 : DEBUG : telemetry.note : acquired lock
14788 : 2022-09-14 23:11:30,265 : INFO : telemetry.note : Update the note mtime to 2022-09-14 23:11:30.265275
14788 : 2022-09-14 23:11:30,265 : WARNING : telemetry.note : Fail to parse or read the timestamp 'N/A' in the note file. Set the last send time to minimal. Reason: not readable
14788 : 2022-09-14 23:11:30,265 : INFO : telemetry.records : 1 cache files to move.
14788 : 2022-09-14 23:11:30,265 : INFO : telemetry.records : Create temp folder C:\Users\Hp\AppData\Local\Temp\tmp24nnadme
14788 : 2022-09-14 23:11:30,265 : INFO : telemetry.records : Move file C:\Users\Hp\.azure\telemetry\cache to C:\Users\Hp\AppData\Local\Temp\tmp24nnadme\cache
14788 : 2022-09-14 23:11:30,280 : INFO : telemetry.records : Processed file C:\Users\Hp\AppData\Local\Temp\tmp24nnadme\cache into 1 records.
14788 : 2022-09-14 23:11:30,280 : INFO : telemetry.records : Remove directory C:\Users\Hp\AppData\Local\Temp\tmp24nnadme
14788 : 2022-09-14 23:11:30,296 : INFO : telemetry.client : Accumulated 1 events. Flush the clients.
14788 : 2022-09-14 23:11:30,312 : INFO : telemetry.client : Flush client c4395b75-49cc-422c-bc95-c7d51aef5d46.
14788 : 2022-09-14 23:11:32,267 : INFO : telemetry.sender : Sending 3437 bytes
14788 : 2022-09-14 23:11:32,267 : INFO : telemetry.sender : Finish uploading in 1.955636 seconds.
14788 : 2022-09-14 23:11:32,267 : INFO : telemetry.note : Update the last send in note to 2022-09-14 23:11:29
14788 : 2022-09-14 23:11:32,267 : INFO : telemetry.note : Update the note mtime to 2022-09-14 23:11:32.267791
15508 : 2022-09-15 09:21:41,215 : INFO : telemetry.main : Attempt start. Configuration directory [C:\Users\Hp\.azure].
15508 : 2022-09-15 09:21:41,215 : INFO : telemetry.check : Returns Positive.
15508 : 2022-09-15 09:21:41,215 : DEBUG : telemetry.note : acquiring lock
15508 : 2022-09-15 09:21:41,215 : DEBUG : telemetry.note : acquired lock
15508 : 2022-09-15 09:21:41,215 : INFO : telemetry.note : Update the note mtime to 2022-09-15 09:21:41.215617
15508 : 2022-09-15 09:21:41,224 : INFO : telemetry.note : Read timestamp from the note. The last send was 2022-09-14 23:11:29.
15508 : 2022-09-15 09:21:41,226 : INFO : telemetry.records : No cache to be uploaded.
15508 : 2022-09-15 09:21:41,226 : INFO : telemetry.client : Accumulated 0 events. Flush the clients.
15508 : 2022-09-15 09:21:41,226 : INFO : telemetry.note : Update the last send in note to 2022-09-14 23:11:29
15508 : 2022-09-15 09:21:41,227 : INFO : telemetry.note : Update the note mtime to 2022-09-15 09:21:41.227910
10232 : 2022-09-15 09:49:48,303 : INFO : telemetry.main : Attempt start. Configuration directory [C:\Users\Hp\.azure].
10232 : 2022-09-15 09:49:48,303 : INFO : telemetry.check : Returns Positive.
10232 : 2022-09-15 09:49:48,303 : DEBUG : telemetry.note : acquiring lock
10232 : 2022-09-15 09:49:48,303 : DEBUG : telemetry.note : acquired lock
10232 : 2022-09-15 09:49:48,303 : INFO : telemetry.note : Update the note mtime to 2022-09-15 09:49:48.303454
10232 : 2022-09-15 09:49:48,303 : INFO : telemetry.note : Read timestamp from the note. The last send was 2022-09-14 23:11:29.
10232 : 2022-09-15 09:49:48,303 : INFO : telemetry.records : No cache to be uploaded.
10232 : 2022-09-15 09:49:48,303 : INFO : telemetry.client : Accumulated 0 events. Flush the clients.
10232 : 2022-09-15 09:49:48,303 : INFO : telemetry.note : Update the last send in note to 2022-09-14 23:11:29
10232 : 2022-09-15 09:49:48,303 : INFO : telemetry.note : Update the note mtime to 2022-09-15 09:49:48.303454
19768 : 2022-09-15 10:18:28,408 : INFO : telemetry.main : Attempt start. Configuration directory [C:\Users\Hp\.azure].
19768 : 2022-09-15 10:18:28,408 : INFO : telemetry.check : Returns Positive.
19768 : 2022-09-15 10:18:28,408 : DEBUG : telemetry.note : acquiring lock
19768 : 2022-09-15 10:18:28,408 : DEBUG : telemetry.note : acquired lock
19768 : 2022-09-15 10:18:28,408 : INFO : telemetry.note : Update the note mtime to 2022-09-15 10:18:28.408359
19768 : 2022-09-15 10:18:28,408 : INFO : telemetry.note : Read timestamp from the note. The last send was 2022-09-14 23:11:29.
19768 : 2022-09-15 10:18:28,408 : INFO : telemetry.records : No cache to be uploaded.
19768 : 2022-09-15 10:18:28,408 : INFO : telemetry.client : Accumulated 0 events. Flush the clients.
19768 : 2022-09-15 10:18:28,408 : INFO : telemetry.note : Update the last send in note to 2022-09-14 23:11:29
19768 : 2022-09-15 10:18:28,408 : INFO : telemetry.note : Update the note mtime to 2022-09-15 10:18:28.408359
